app/build/outputs/logs/manifest-merger-debug-report.txt
-- Merging decision tree log ---
manifest
ADDED from src\main\AndroidManifest.xml:2:1-19:12
INJECTED from src\main\AndroidManifest.xml:2:1-19:12
INJECTED from src\main\AndroidManifest.xml:2:1-19:12
	package
		ADDED from src\main\AndroidManifest.xml:3:7-60
		INJECTED from src\main\AndroidManifest.xml
		INJECTED from src\main\AndroidManifest.xml
	xmlns:android
		ADDED from src\main\AndroidManifest.xml:2:11-69
application
ADDED from src\main\AndroidManifest.xml:5:5-18:19
	android:label
		ADDED from src\main\AndroidManifest.xml:7:9-41
	android:icon
		ADDED from src\main\AndroidManifest.xml:6:9-45
	android:allowBackup
		ADDED from src\main\AndroidManifest.xml:8:9-36
activity#course.examples.datamanagement.fileinternal.InternalFileWriteReadActivity
ADDED from src\main\AndroidManifest.xml:10:9-16:20
	android:label
		ADDED from src\main\AndroidManifest.xml:11:19-51
	android:name
		ADDED from src\main\AndroidManifest.xml:10:19-107
intent-filter#action:name:android.intent.action.MAIN+category:name:android.intent.category.LAUNCHER
ADDED from src\main\AndroidManifest.xml:12:13-15:29
action#android.intent.action.MAIN
ADDED from src\main\AndroidManifest.xml:13:17-69
	android:name
		ADDED from src\main\AndroidManifest.xml:13:25-66
category#android.intent.category.LAUNCHER
ADDED from src\main\AndroidManifest.xml:14:17-77
	android:name
		ADDED from src\main\AndroidManifest.xml:14:27-74
uses-sdk
INJECTED from src\main\AndroidManifest.xml reason: use-sdk injection requested
INJECTED from src\main\AndroidManifest.xml
INJECTED from src\main\AndroidManifest.xml
INJECTED from src\main\AndroidManifest.xml
INJECTED from src\main\AndroidManifest.xml
	android:targetSdkVersion
		INJECTED from src\main\AndroidManifest.xml
		ADDED from src\main\AndroidManifest.xml
		INJECTED from src\main\AndroidManifest.xml
	android:minSdkVersion
		INJECTED from src\main\AndroidManifest.xml
		ADDED from src\main\AndroidManifest.xml
		INJECTED from src\main\AndroidManifest.xml